# JRE version: OpenJDK Runtime Environment (8.0_202) (build 1.8.0_202-release-1483-b49-5587405)
# Java VM: OpenJDK 64-Bit Server VM (25.202-b49-5587405 mixed mode linux-amd64 compressed oops)
Heap:
 PSYoungGen      total 425984K, used 368988K [0x00000000e0000000, 0x00000000ffb00000, 0x0000000100000000)
  eden space 339456K, 100% used [0x00000000e0000000,0x00000000f4b80000,0x00000000f4b80000)
  from space 86528K, 34% used [0x00000000f4b80000,0x00000000f68572a0,0x00000000fa000000)
  to   space 83456K, 21% used [0x00000000fa980000,0x00000000fbae0068,0x00000000ffb00000)
 ParOldGen       total 761344K, used 676008K [0x00000000a0000000, 0x00000000ce780000, 0x00000000e0000000)
  object space 761344K, 88% used [0x00000000a0000000,0x00000000c942a298,0x00000000ce780000)
 Metaspace       used 112973K, capacity 119628K, committed 119828K, reserved 1153024K
  class space    used 14374K, capacity 15562K, committed 15636K, reserved 1048576K
GC Heap History (10 events):
Event: 1768.681 GC heap after
Heap after GC invocations=67 (full 8):
 PSYoungGen      total 411136K, used 29833K [0x00000000e0000000, 0x00000000ff800000, 0x0000000100000000)
  eden space 313344K, 0% used [0x00000000e0000000,0x00000000e0000000,0x00000000f3200000)
  from space 97792K, 30% used [0x00000000f3200000,0x00000000f4f22698,0x00000000f9180000)
  to   space 95232K, 0% used [0x00000000f9b00000,0x00000000f9b00000,0x00000000ff800000)
 ParOldGen       total 761344K, used 668326K [0x00000000a0000000, 0x00000000ce780000, 0x00000000e0000000)
  object space 761344K, 87% used [0x00000000a0000000,0x00000000c8ca9ae8,0x00000000ce780000)
 Metaspace       used 112932K, capacity 119552K, committed 119828K, reserved 1153024K
  class space    used 14372K, capacity 15560K, committed 15636K, reserved 1048576K
}
Event: 1770.911 GC heap before
{Heap before GC invocations=68 (full 8):
 PSYoungGen      total 411136K, used 343177K [0x00000000e0000000, 0x00000000ff800000, 0x0000000100000000)
  eden space 313344K, 100% used [0x00000000e0000000,0x00000000f3200000,0x00000000f3200000)
  from space 97792K, 30% used [0x00000000f3200000,0x00000000f4f22698,0x00000000f9180000)
  to   space 95232K, 0% used [0x00000000f9b00000,0x00000000f9b00000,0x00000000ff800000)
 ParOldGen       total 761344K, used 668326K [0x00000000a0000000, 0x00000000ce780000, 0x00000000e0000000)
  object space 761344K, 87% used [0x00000000a0000000,0x00000000c8ca9ae8,0x00000000ce780000)
 Metaspace       used 112940K, capacity 119616K, committed 119828K, reserved 1153024K
  class space    used 14372K, capacity 15560K, committed 15636K, reserved 1048576K
Event: 1770.986 GC heap after
Heap after GC invocations=68 (full 8):
 PSYoungGen      total 416768K, used 30429K [0x00000000e0000000, 0x00000000ff380000, 0x0000000100000000)
  eden space 326144K, 0% used [0x00000000e0000000,0x00000000e0000000,0x00000000f3e80000)
  from space 90624K, 33% used [0x00000000f9b00000,0x00000000fb8b7560,0x00000000ff380000)
  to   space 92672K, 0% used [0x00000000f3e80000,0x00000000f3e80000,0x00000000f9900000)
 ParOldGen       total 761344K, used 669899K [0x00000000a0000000, 0x00000000ce780000, 0x00000000e0000000)
  object space 761344K, 87% used [0x00000000a0000000,0x00000000c8e32f80,0x00000000ce780000)
 Metaspace       used 112940K, capacity 119616K, committed 119828K, reserved 1153024K
  class space    used 14372K, capacity 15560K, committed 15636K, reserved 1048576K
}
Event: 1773.701 GC heap before
{Heap before GC invocations=69 (full 8):
 PSYoungGen      total 416768K, used 356573K [0x00000000e0000000, 0x00000000ff380000, 0x0000000100000000)
  eden space 326144K, 100% used [0x00000000e0000000,0x00000000f3e80000,0x00000000f3e80000)
  from space 90624K, 33% used [0x00000000f9b00000,0x00000000fb8b7560,0x00000000ff380000)
  to   space 92672K, 0% used [0x00000000f3e80000,0x00000000f3e80000,0x00000000f9900000)
 ParOldGen       total 761344K, used 669899K [0x00000000a0000000, 0x00000000ce780000, 0x00000000e0000000)
  object space 761344K, 87% used [0x00000000a0000000,0x00000000c8e32f80,0x00000000ce780000)
 Metaspace       used 112953K, capacity 119622K, committed 119828K, reserved 1153024K
  class space    used 14373K, capacity 15561K, committed 15636K, reserved 1048576K
Event: 1773.797 GC heap after
Heap after GC invocations=69 (full 8):
 PSYoungGen      total 418816K, used 31849K [0x00000000e0000000, 0x00000000ffb00000, 0x0000000100000000)
  eden space 326144K, 0% used [0x00000000e0000000,0x00000000e0000000,0x00000000f3e80000)
  from space 92672K, 34% used [0x00000000f3e80000,0x00000000f5d9a5b8,0x00000000f9900000)
  to   space 89600K, 0% used [0x00000000fa380000,0x00000000fa380000,0x00000000ffb00000)
 ParOldGen       total 761344K, used 671465K [0x00000000a0000000, 0x00000000ce780000, 0x00000000e0000000)
  object space 761344K, 88% used [0x00000000a0000000,0x00000000c8fba408,0x00000000ce780000)
 Metaspace       used 112953K, capacity 119622K, committed 119828K, reserved 1153024K
  class space    used 14373K, capacity 15561K, committed 15636K, reserved 1048576K
}
Event: 1776.049 GC heap before
{Heap before GC invocations=70 (full 8):
 PSYoungGen      total 418816K, used 357993K [0x00000000e0000000, 0x00000000ffb00000, 0x0000000100000000)
  eden space 326144K, 100% used [0x00000000e0000000,0x00000000f3e80000,0x00000000f3e80000)
  from space 92672K, 34% used [0x00000000f3e80000,0x00000000f5d9a5b8,0x00000000f9900000)
  to   space 89600K, 0% used [0x00000000fa380000,0x00000000fa380000,0x00000000ffb00000)
 ParOldGen       total 761344K, used 671465K [0x00000000a0000000, 0x00000000ce780000, 0x00000000e0000000)
  object space 761344K, 88% used [0x00000000a0000000,0x00000000c8fba408,0x00000000ce780000)
 Metaspace       used 112959K, capacity 119622K, committed 119828K, reserved 1153024K
  class space    used 14373K, capacity 15561K, committed 15636K, reserved 1048576K
Event: 1776.105 GC heap after
Heap after GC invocations=70 (full 8):
 PSYoungGen      total 422400K, used 31290K [0x00000000e0000000, 0x00000000ff480000, 0x0000000100000000)
  eden space 339456K, 0% used [0x00000000e0000000,0x00000000e0000000,0x00000000f4b80000)
  from space 82944K, 37% used [0x00000000fa380000,0x00000000fc20e990,0x00000000ff480000)
  to   space 86528K, 0% used [0x00000000f4b80000,0x00000000f4b80000,0x00000000fa000000)
 ParOldGen       total 761344K, used 673078K [0x00000000a0000000, 0x00000000ce780000, 0x00000000e0000000)
  object space 761344K, 88% used [0x00000000a0000000,0x00000000c914d890,0x00000000ce780000)
 Metaspace       used 112959K, capacity 119622K, committed 119828K, reserved 1153024K
  class space    used 14373K, capacity 15561K, committed 15636K, reserved 1048576K
}
Event: 1778.270 GC heap before
{Heap before GC invocations=71 (full 8):
 PSYoungGen      total 422400K, used 370746K [0x00000000e0000000, 0x00000000ff480000, 0x0000000100000000)
  eden space 339456K, 100% used [0x00000000e0000000,0x00000000f4b80000,0x00000000f4b80000)
  from space 82944K, 37% used [0x00000000fa380000,0x00000000fc20e990,0x00000000ff480000)
  to   space 86528K, 0% used [0x00000000f4b80000,0x00000000f4b80000,0x00000000fa000000)
 ParOldGen       total 761344K, used 673078K [0x00000000a0000000, 0x00000000ce780000, 0x00000000e0000000)
  object space 761344K, 88% used [0x00000000a0000000,0x00000000c914d890,0x00000000ce780000)
 Metaspace       used 112967K, capacity 119628K, committed 119828K, reserved 1153024K
  class space    used 14374K, capacity 15562K, committed 15636K, reserved 1048576K
Event: 1778.310 GC heap after
Heap after GC invocations=71 (full 8):
 PSYoungGen      total 425984K, used 29532K [0x00000000e0000000, 0x00000000ffb00000, 0x0000000100000000)
  eden space 339456K, 0% used [0x00000000e0000000,0x00000000e0000000,0x00000000f4b80000)
  from space 86528K, 34% used [0x00000000f4b80000,0x00000000f68572a0,0x00000000fa000000)
  to   space 83456K, 0% used [0x00000000fa980000,0x00000000fa980000,0x00000000ffb00000)
 ParOldGen       total 761344K, used 674696K [0x00000000a0000000, 0x00000000ce780000, 0x00000000e0000000)
  object space 761344K, 88% used [0x00000000a0000000,0x00000000c92e21b8,0x00000000ce780000)
 Metaspace       used 112967K, capacity 119628K, committed 119828K, reserved 1153024K
  class space    used 14374K, capacity 15562K, committed 15636K, reserved 1048576K
}
Event: 1780.244 GC heap before
{Heap before GC invocations=72 (full 8):
 PSYoungGen      total 425984K, used 368988K [0x00000000e0000000, 0x00000000ffb00000, 0x0000000100000000)
  eden space 339456K, 100% used [0x00000000e0000000,0x00000000f4b80000,0x00000000f4b80000)
  from space 86528K, 34% used [0x00000000f4b80000,0x00000000f68572a0,0x00000000fa000000)
  to   space 83456K, 0% used [0x00000000fa980000,0x00000000fa980000,0x00000000ffb00000)
 ParOldGen       total 761344K, used 674696K [0x00000000a0000000, 0x00000000ce780000, 0x00000000e0000000)
  object space 761344K, 88% used [0x00000000a0000000,0x00000000c92e21b8,0x00000000ce780000)
 Metaspace       used 112973K, capacity 119628K, committed 119828K, reserved 1153024K
  class space    used 14374K, capacity 15562K, committed 15636K, reserved 1048576K

