# JRE version: OpenJDK Runtime Environment (8.0_202) (build 1.8.0_202-release-1483-b49-5587405)
# Java VM: OpenJDK 64-Bit Server VM (25.202-b49-5587405 mixed mode linux-amd64 compressed oops)
Heap:
 PSYoungGen      total 305664K, used 193735K [0x00000000e0000000, 0x00000000f4700000, 0x0000000100000000)
  eden space 283648K, 60% used [0x00000000e0000000,0x00000000ea7b8640,0x00000000f1500000)
  from space 22016K, 99% used [0x00000000f3100000,0x00000000f4679718,0x00000000f4680000)
  to   space 25600K, 0% used [0x00000000f1500000,0x00000000f1500000,0x00000000f2e00000)
 ParOldGen       total 123904K, used 33719K [0x00000000a0000000, 0x00000000a7900000, 0x00000000e0000000)
  object space 123904K, 27% used [0x00000000a0000000,0x00000000a20ede98,0x00000000a7900000)
 Metaspace       used 74268K, capacity 76452K, committed 76760K, reserved 1116160K
  class space    used 9797K, capacity 10403K, committed 10496K, reserved 1048576K
GC Heap History (10 events):
Event: 20.001 GC heap before
{Heap before GC invocations=11 (full 2):
 PSYoungGen      total 171008K, used 158208K [0x00000000e0000000, 0x00000000ee280000, 0x0000000100000000)
  eden space 158208K, 100% used [0x00000000e0000000,0x00000000e9a80000,0x00000000e9a80000)
  from space 12800K, 0% used [0x00000000ea680000,0x00000000ea680000,0x00000000eb300000)
  to   space 12288K, 0% used [0x00000000e9a80000,0x00000000e9a80000,0x00000000ea680000)
 ParOldGen       total 84992K, used 12867K [0x00000000a0000000, 0x00000000a5300000, 0x00000000e0000000)
  object space 84992K, 15% used [0x00000000a0000000,0x00000000a0c90f80,0x00000000a5300000)
 Metaspace       used 43259K, capacity 44064K, committed 44376K, reserved 1087488K
  class space    used 6196K, capacity 6466K, committed 6528K, reserved 1048576K
Event: 20.045 GC heap after
Heap after GC invocations=11 (full 2):
 PSYoungGen      total 170496K, used 12275K [0x00000000e0000000, 0x00000000ee980000, 0x0000000100000000)
  eden space 158208K, 0% used [0x00000000e0000000,0x00000000e0000000,0x00000000e9a80000)
  from space 12288K, 99% used [0x00000000e9a80000,0x00000000ea67cff8,0x00000000ea680000)
  to   space 15360K, 0% used [0x00000000eda80000,0x00000000eda80000,0x00000000ee980000)
 ParOldGen       total 84992K, used 17522K [0x00000000a0000000, 0x00000000a5300000, 0x00000000e0000000)
  object space 84992K, 20% used [0x00000000a0000000,0x00000000a111cb78,0x00000000a5300000)
 Metaspace       used 43259K, capacity 44064K, committed 44376K, reserved 1087488K
  class space    used 6196K, capacity 6466K, committed 6528K, reserved 1048576K
}
Event: 37.810 GC heap before
{Heap before GC invocations=12 (full 2):
 PSYoungGen      total 170496K, used 170483K [0x00000000e0000000, 0x00000000ee980000, 0x0000000100000000)
  eden space 158208K, 100% used [0x00000000e0000000,0x00000000e9a80000,0x00000000e9a80000)
  from space 12288K, 99% used [0x00000000e9a80000,0x00000000ea67cff8,0x00000000ea680000)
  to   space 15360K, 0% used [0x00000000eda80000,0x00000000eda80000,0x00000000ee980000)
 ParOldGen       total 84992K, used 17522K [0x00000000a0000000, 0x00000000a5300000, 0x00000000e0000000)
  object space 84992K, 20% used [0x00000000a0000000,0x00000000a111cb78,0x00000000a5300000)
 Metaspace       used 55657K, capacity 56984K, committed 57176K, reserved 1097728K
  class space    used 7591K, capacity 8009K, committed 8064K, reserved 1048576K
Event: 37.889 GC heap after
Heap after GC invocations=12 (full 2):
 PSYoungGen      total 217600K, used 15348K [0x00000000e0000000, 0x00000000ef100000, 0x0000000100000000)
  eden space 202240K, 0% used [0x00000000e0000000,0x00000000e0000000,0x00000000ec580000)
  from space 15360K, 99% used [0x00000000eda80000,0x00000000ee97d310,0x00000000ee980000)
  to   space 21504K, 0% used [0x00000000ec580000,0x00000000ec580000,0x00000000eda80000)
 ParOldGen       total 84992K, used 28857K [0x00000000a0000000, 0x00000000a5300000, 0x00000000e0000000)
  object space 84992K, 33% used [0x00000000a0000000,0x00000000a1c2e500,0x00000000a5300000)
 Metaspace       used 55657K, capacity 56984K, committed 57176K, reserved 1097728K
  class space    used 7591K, capacity 8009K, committed 8064K, reserved 1048576K
}
Event: 38.626 GC heap before
{Heap before GC invocations=13 (full 2):
 PSYoungGen      total 217600K, used 44955K [0x00000000e0000000, 0x00000000ef100000, 0x0000000100000000)
  eden space 202240K, 14% used [0x00000000e0000000,0x00000000e1ce9948,0x00000000ec580000)
  from space 15360K, 99% used [0x00000000eda80000,0x00000000ee97d310,0x00000000ee980000)
  to   space 21504K, 0% used [0x00000000ec580000,0x00000000ec580000,0x00000000eda80000)
 ParOldGen       total 84992K, used 28857K [0x00000000a0000000, 0x00000000a5300000, 0x00000000e0000000)
  object space 84992K, 33% used [0x00000000a0000000,0x00000000a1c2e500,0x00000000a5300000)
 Metaspace       used 57486K, capacity 58866K, committed 58968K, reserved 1099776K
  class space    used 7831K, capacity 8259K, committed 8320K, reserved 1048576K
Event: 38.715 GC heap after
Heap after GC invocations=13 (full 2):
 PSYoungGen      total 223744K, used 2563K [0x00000000e0000000, 0x00000000f4680000, 0x0000000100000000)
  eden space 202240K, 0% used [0x00000000e0000000,0x00000000e0000000,0x00000000ec580000)
  from space 21504K, 11% used [0x00000000ec580000,0x00000000ec800e18,0x00000000eda80000)
  to   space 22016K, 0% used [0x00000000f3100000,0x00000000f3100000,0x00000000f4680000)
 ParOldGen       total 84992K, used 44149K [0x00000000a0000000, 0x00000000a5300000, 0x00000000e0000000)
  object space 84992K, 51% used [0x00000000a0000000,0x00000000a2b1d4d0,0x00000000a5300000)
 Metaspace       used 57486K, capacity 58866K, committed 58968K, reserved 1099776K
  class space    used 7831K, capacity 8259K, committed 8320K, reserved 1048576K
}
Event: 38.715 GC heap before
{Heap before GC invocations=14 (full 3):
 PSYoungGen      total 223744K, used 2563K [0x00000000e0000000, 0x00000000f4680000, 0x0000000100000000)
  eden space 202240K, 0% used [0x00000000e0000000,0x00000000e0000000,0x00000000ec580000)
  from space 21504K, 11% used [0x00000000ec580000,0x00000000ec800e18,0x00000000eda80000)
  to   space 22016K, 0% used [0x00000000f3100000,0x00000000f3100000,0x00000000f4680000)
 ParOldGen       total 84992K, used 44149K [0x00000000a0000000, 0x00000000a5300000, 0x00000000e0000000)
  object space 84992K, 51% used [0x00000000a0000000,0x00000000a2b1d4d0,0x00000000a5300000)
 Metaspace       used 57486K, capacity 58866K, committed 58968K, reserved 1099776K
  class space    used 7831K, capacity 8259K, committed 8320K, reserved 1048576K
Event: 39.057 GC heap after
Heap after GC invocations=14 (full 3):
 PSYoungGen      total 223744K, used 0K [0x00000000e0000000, 0x00000000f4680000, 0x0000000100000000)
  eden space 202240K, 0% used [0x00000000e0000000,0x00000000e0000000,0x00000000ec580000)
  from space 21504K, 0% used [0x00000000ec580000,0x00000000ec580000,0x00000000eda80000)
  to   space 22016K, 0% used [0x00000000f3100000,0x00000000f3100000,0x00000000f4680000)
 ParOldGen       total 123904K, used 32312K [0x00000000a0000000, 0x00000000a7900000, 0x00000000e0000000)
  object space 123904K, 26% used [0x00000000a0000000,0x00000000a1f8e080,0x00000000a7900000)
 Metaspace       used 57486K, capacity 58866K, committed 58968K, reserved 1099776K
  class space    used 7831K, capacity 8259K, committed 8320K, reserved 1048576K
}
Event: 51.583 GC heap before
{Heap before GC invocations=15 (full 3):
 PSYoungGen      total 223744K, used 202240K [0x00000000e0000000, 0x00000000f4680000, 0x0000000100000000)
  eden space 202240K, 100% used [0x00000000e0000000,0x00000000ec580000,0x00000000ec580000)
  from space 21504K, 0% used [0x00000000ec580000,0x00000000ec580000,0x00000000eda80000)
  to   space 22016K, 0% used [0x00000000f3100000,0x00000000f3100000,0x00000000f4680000)
 ParOldGen       total 123904K, used 32312K [0x00000000a0000000, 0x00000000a7900000, 0x00000000e0000000)
  object space 123904K, 26% used [0x00000000a0000000,0x00000000a1f8e080,0x00000000a7900000)
 Metaspace       used 69655K, capacity 71770K, committed 72024K, reserved 1112064K
  class space    used 9476K, capacity 10073K, committed 10112K, reserved 1048576K
Event: 51.638 GC heap after
Heap after GC invocations=15 (full 3):
 PSYoungGen      total 305664K, used 21989K [0x00000000e0000000, 0x00000000f4700000, 0x0000000100000000)
  eden space 283648K, 0% used [0x00000000e0000000,0x00000000e0000000,0x00000000f1500000)
  from space 22016K, 99% used [0x00000000f3100000,0x00000000f4679718,0x00000000f4680000)
  to   space 25600K, 0% used [0x00000000f1500000,0x00000000f1500000,0x00000000f2e00000)
 ParOldGen       total 123904K, used 33719K [0x00000000a0000000, 0x00000000a7900000, 0x00000000e0000000)
  object space 123904K, 27% used [0x00000000a0000000,0x00000000a20ede98,0x00000000a7900000)
 Metaspace       used 69655K, capacity 71770K, committed 72024K, reserved 1112064K
  class space    used 9476K, capacity 10073K, committed 10112K, reserved 1048576K
}

